<?xml version="1.0" encoding="UTF-8"?>
<!-- Generated by org.testng.reporters.JUnitXMLReporter -->
<testsuite ignored="0" hostname="Sangeetha" failures="1" tests="4" name="Default test" time="5.808" errors="0" timestamp="2024-10-28T22:32:19 EDT">
  <testcase classname="io.cucumber.testng.AbstractTestNGCucumberTests" name="runScenario" time="3.615"/>
  <testcase classname="io.cucumber.testng.AbstractTestNGCucumberTests" name="runScenario" time="0.17">
    <failure type="java.lang.AssertionError" message="expected [ChatBotSan] but found [ChatBotSan123]">
      <![CDATA[java.lang.AssertionError: expected [ChatBotSan] but found [ChatBotSan123]
at org.testng.Assert.fail(Assert.java:111)
at org.testng.Assert.failNotEquals(Assert.java:1578)
at org.testng.Assert.assertEqualsImpl(Assert.java:150)
at org.testng.Assert.assertEquals(Assert.java:132)
at org.testng.Assert.assertEquals(Assert.java:656)
at org.testng.Assert.assertEquals(Assert.java:666)
at stepDefinition.manageProgramSearchBar.admin_should_able_to_see_program_name_description_and_status_for_searched_program_description(manageProgramSearchBar.java:46)
at ✽.Admin should able to see Program name, description, and status for searched program description(file:///C:/Users/sange/Documents/NN/NewProjects/Team06_LMS_SeleniumHackers/src/test/resources/featureFiles/7manageProgramSearchBar.feature:17)
]]>
    </failure>
  </testcase> <!-- runScenario -->
  <testcase classname="io.cucumber.testng.AbstractTestNGCucumberTests" name="runScenario" time="0.151"/>
  <testcase classname="io.cucumber.testng.AbstractTestNGCucumberTests" name="runScenario" time="0.123"/>
</testsuite> <!-- Default test -->
