<?xml version="1.0" encoding="UTF-8"?>
<testng-results ignored="0" total="0" passed="0" failed="0" skipped="0">
  <reporter-output>
  </reporter-output>
  <suite started-at="2024-10-24T10:05:26 PDT" name="Default suite" finished-at="2024-10-24T10:05:28 PDT" duration-ms="1853">
    <groups>
      <group name="cucumber">
        <method signature="AbstractTestNGCucumberTests.runScenario(io.cucumber.testng.PickleWrapper,io.cucumber.testng.FeatureWrapper)[pri:0, instance:testRunner.testExecution@f6efaab]" name="runScenario" class="io.cucumber.testng.AbstractTestNGCucumberTests"/>
      </group> <!-- cucumber -->
    </groups>
    <test started-at="2024-10-24T10:05:26 PDT" name="Default test" finished-at="2024-10-24T10:05:28 PDT" duration-ms="1853">
      <class name="testRunner.testExecution">
        <test-method is-config="true" signature="setUpClass(org.testng.ITestContext)[pri:0, instance:testRunner.testExecution@f6efaab]" started-at="2024-10-24T10:05:26 PDT" name="setUpClass" finished-at="2024-10-24T10:05:26 PDT" duration-ms="186" status="PASS">
          <params>
            <param index="0">
              <value>
                <![CDATA[org.testng.TestRunner@30f4b1a6]]>
              </value>
            </param>
          </params>
          <reporter-output>
          </reporter-output>
        </test-method> <!-- setUpClass -->
        <test-method is-config="true" signature="tearDownClass()[pri:0, instance:testRunner.testExecution@f6efaab]" started-at="2024-10-24T10:05:26 PDT" name="tearDownClass" finished-at="2024-10-24T10:05:28 PDT" duration-ms="1654" status="PASS">
          <reporter-output>
          </reporter-output>
        </test-method> <!-- tearDownClass -->
      </class> <!-- testRunner.testExecution -->
    </test> <!-- Default test -->
  </suite> <!-- Default suite -->
</testng-results>
