<?xml version="1.0" encoding="UTF-8"?>
<testng-results ignored="0" total="7" passed="7" failed="0" skipped="0">
  <reporter-output>
  </reporter-output>
  <suite started-at="2024-10-28T22:42:32 EDT" name="Suite" finished-at="2024-10-28T22:42:38 EDT" duration-ms="5935">
    <groups>
      <group name="cucumber">
        <method signature="AbstractTestNGCucumberTests.runScenario(io.cucumber.testng.PickleWrapper,io.cucumber.testng.FeatureWrapper)[pri:0, instance:testRunner.testExecution$TestRunner@4c178a76]" name="runScenario" class="io.cucumber.testng.AbstractTestNGCucumberTests"/>
      </group> <!-- cucumber -->
    </groups>
    <test started-at="2024-10-28T22:42:32 EDT" name="ChromeTest" finished-at="2024-10-28T22:42:38 EDT" duration-ms="5935">
      <class name="testRunner.testExecution$TestRunner">
        <test-method is-config="true" signature="setUpClass(org.testng.ITestContext)[pri:0, instance:testRunner.testExecution$TestRunner@4c178a76]" started-at="2024-10-28T22:42:32 EDT" name="setUpClass" finished-at="2024-10-28T22:42:33 EDT" duration-ms="401" status="PASS">
          <params>
            <param index="0">
              <value>
                <![CDATA[org.testng.TestRunner@93bf0e0]]>
              </value>
            </param>
          </params>
          <reporter-output>
          </reporter-output>
        </test-method> <!-- setUpClass -->
        <test-method signature="runScenario(io.cucumber.testng.PickleWrapper,io.cucumber.testng.FeatureWrapper)[pri:0, instance:testRunner.testExecution$TestRunner@4c178a76]" started-at="2024-10-28T22:42:33 EDT" name="runScenario" description="Runs Cucumber Scenarios" data-provider="scenarios" finished-at="2024-10-28T22:42:36 EDT" duration-ms="3602" status="PASS">
          <params>
            <param index="0">
              <value>
                <![CDATA["Verify Admin is able to search results found for program name"]]>
              </value>
            </param>
            <param index="1">
              <value>
                <![CDATA["Manage Program - Search bar"]]>
              </value>
            </param>
          </params>
          <reporter-output>
          </reporter-output>
        </test-method> <!-- runScenario -->
        <test-method signature="runScenario(io.cucumber.testng.PickleWrapper,io.cucumber.testng.FeatureWrapper)[pri:0, instance:testRunner.testExecution$TestRunner@4c178a76]" started-at="2024-10-28T22:42:36 EDT" name="runScenario" description="Runs Cucumber Scenarios" data-provider="scenarios" finished-at="2024-10-28T22:42:36 EDT" duration-ms="162" status="PASS">
          <params>
            <param index="0">
              <value>
                <![CDATA["Verify Admin is able to search results found for program description"]]>
              </value>
            </param>
            <param index="1">
              <value>
                <![CDATA["Manage Program - Search bar"]]>
              </value>
            </param>
          </params>
          <reporter-output>
          </reporter-output>
        </test-method> <!-- runScenario -->
        <test-method signature="runScenario(io.cucumber.testng.PickleWrapper,io.cucumber.testng.FeatureWrapper)[pri:0, instance:testRunner.testExecution$TestRunner@4c178a76]" started-at="2024-10-28T22:42:36 EDT" name="runScenario" description="Runs Cucumber Scenarios" data-provider="scenarios" finished-at="2024-10-28T22:42:37 EDT" duration-ms="150" status="PASS">
          <params>
            <param index="0">
              <value>
                <![CDATA["Verify Admin is able to search results found for program name"]]>
              </value>
            </param>
            <param index="1">
              <value>
                <![CDATA["Manage Program - Search bar"]]>
              </value>
            </param>
          </params>
          <reporter-output>
          </reporter-output>
        </test-method> <!-- runScenario -->
        <test-method signature="runScenario(io.cucumber.testng.PickleWrapper,io.cucumber.testng.FeatureWrapper)[pri:0, instance:testRunner.testExecution$TestRunner@4c178a76]" started-at="2024-10-28T22:42:37 EDT" name="runScenario" description="Runs Cucumber Scenarios" data-provider="scenarios" finished-at="2024-10-28T22:42:37 EDT" duration-ms="148" status="PASS">
          <params>
            <param index="0">
              <value>
                <![CDATA["Verify Admin is able to search results found for program name"]]>
              </value>
            </param>
            <param index="1">
              <value>
                <![CDATA["Manage Program - Search bar"]]>
              </value>
            </param>
          </params>
          <reporter-output>
          </reporter-output>
        </test-method> <!-- runScenario -->
        <test-method signature="runScenario(io.cucumber.testng.PickleWrapper,io.cucumber.testng.FeatureWrapper)[pri:0, instance:testRunner.testExecution$TestRunner@4c178a76]" started-at="2024-10-28T22:42:37 EDT" name="runScenario" description="Runs Cucumber Scenarios" data-provider="scenarios" finished-at="2024-10-28T22:42:37 EDT" duration-ms="87" status="PASS">
          <params>
            <param index="0">
              <value>
                <![CDATA["Verify sorting of  Program name in Ascending order/Descending order"]]>
              </value>
            </param>
            <param index="1">
              <value>
                <![CDATA["Manage Program - Sorting Program"]]>
              </value>
            </param>
          </params>
          <reporter-output>
          </reporter-output>
        </test-method> <!-- runScenario -->
        <test-method signature="runScenario(io.cucumber.testng.PickleWrapper,io.cucumber.testng.FeatureWrapper)[pri:0, instance:testRunner.testExecution$TestRunner@4c178a76]" started-at="2024-10-28T22:42:37 EDT" name="runScenario" description="Runs Cucumber Scenarios" data-provider="scenarios" finished-at="2024-10-28T22:42:37 EDT" duration-ms="73" status="PASS">
          <params>
            <param index="0">
              <value>
                <![CDATA["Verify sorting of  Program Description in  Ascending order/Descending order"]]>
              </value>
            </param>
            <param index="1">
              <value>
                <![CDATA["Manage Program - Sorting Program"]]>
              </value>
            </param>
          </params>
          <reporter-output>
          </reporter-output>
        </test-method> <!-- runScenario -->
        <test-method signature="runScenario(io.cucumber.testng.PickleWrapper,io.cucumber.testng.FeatureWrapper)[pri:0, instance:testRunner.testExecution$TestRunner@4c178a76]" started-at="2024-10-28T22:42:37 EDT" name="runScenario" description="Runs Cucumber Scenarios" data-provider="scenarios" finished-at="2024-10-28T22:42:37 EDT" duration-ms="80" status="PASS">
          <params>
            <param index="0">
              <value>
                <![CDATA["Verify sorting of Program status in Ascending order/Descending order"]]>
              </value>
            </param>
            <param index="1">
              <value>
                <![CDATA["Manage Program - Sorting Program"]]>
              </value>
            </param>
          </params>
          <reporter-output>
          </reporter-output>
        </test-method> <!-- runScenario -->
        <test-method is-config="true" signature="tearDownClass()[pri:0, instance:testRunner.testExecution$TestRunner@4c178a76]" started-at="2024-10-28T22:42:37 EDT" name="tearDownClass" finished-at="2024-10-28T22:42:38 EDT" duration-ms="1172" status="PASS">
          <reporter-output>
          </reporter-output>
        </test-method> <!-- tearDownClass -->
      </class> <!-- testRunner.testExecution$TestRunner -->
    </test> <!-- ChromeTest -->
  </suite> <!-- Suite -->
</testng-results>
